app/build/outputs/logs/manifest-merger-debug-report.txt
-- Merging decision tree log ---
manifest
ADDED from src/main/AndroidManifest.xml:2:1-82:12
INJECTED from src/main/AndroidManifest.xml:2:1-82:12
INJECTED from src/main/AndroidManifest.xml:2:1-82:12
INJECTED from src/main/AndroidManifest.xml:2:1-82:12
INJECTED from src/main/AndroidManifest.xml:2:1-82:12
INJECTED from src/main/AndroidManifest.xml:2:1-82:12
INJECTED from src/main/AndroidManifest.xml:2:1-82:12
	package
		ADDED from src/main/AndroidManifest.xml:3:5-42
		INJECTED from src/main/AndroidManifest.xml
		INJECTED from src/main/AndroidManifest.xml
	android:versionName
		ADDED from src/main/AndroidManifest.xml:5:5-36
		INJECTED from src/main/AndroidManifest.xml
		INJECTED from src/main/AndroidManifest.xml
	xmlns:android
		ADDED from src/main/AndroidManifest.xml:2:11-69
	android:versionCode
		ADDED from src/main/AndroidManifest.xml:4:5-28
		INJECTED from src/main/AndroidManifest.xml
		INJECTED from src/main/AndroidManifest.xml
uses-feature#android.hardware.usb.host
ADDED from src/main/AndroidManifest.xml:7:5-62
	android:name
		ADDED from src/main/AndroidManifest.xml:7:19-59
uses-sdk
ADDED from src/main/AndroidManifest.xml:8:5-10:41
INJECTED from src/main/AndroidManifest.xml:8:5-10:41
INJECTED from src/main/AndroidManifest.xml:8:5-10:41
INJECTED from src/main/AndroidManifest.xml:8:5-10:41
INJECTED from src/main/AndroidManifest.xml:8:5-10:41
	android:targetSdkVersion
		ADDED from src/main/AndroidManifest.xml:10:9-38
		INJECTED from src/main/AndroidManifest.xml
		INJECTED from src/main/AndroidManifest.xml
	android:minSdkVersion
		ADDED from src/main/AndroidManifest.xml:9:9-35
		INJECTED from src/main/AndroidManifest.xml
		INJECTED from src/main/AndroidManifest.xml
uses-permission#android.permission.ACCESS_WIFI_STATE
ADDED from src/main/AndroidManifest.xml:13:5-14:23
	android:name
		ADDED from src/main/AndroidManifest.xml:13:22-73
uses-permission#android.permission.CHANGE_WIFI_STATE
ADDED from src/main/AndroidManifest.xml:15:5-16:23
	android:name
		ADDED from src/main/AndroidManifest.xml:15:22-73
uses-permission#android.permission.INTERNET
ADDED from src/main/AndroidManifest.xml:17:5-67
	android:name
		ADDED from src/main/AndroidManifest.xml:17:22-64
uses-permission#android.permission.BLUETOOTH
ADDED from src/main/AndroidManifest.xml:20:5-68
	android:name
		ADDED from src/main/AndroidManifest.xml:20:22-65
uses-permission#android.permission.BLUETOOTH_ADMIN
ADDED from src/main/AndroidManifest.xml:21:5-74
	android:name
		ADDED from src/main/AndroidManifest.xml:21:22-71
uses-permission#android.permission.MOUNT_UNMOUNT_FILESYSTEMS
ADDED from src/main/AndroidManifest.xml:23:5-84
	android:name
		ADDED from src/main/AndroidManifest.xml:23:22-81
uses-permission#android.permission.WRITE_EXTERNAL_STORAGE
ADDED from src/main/AndroidManifest.xml:26:5-81
	android:name
		ADDED from src/main/AndroidManifest.xml:26:22-78
uses-permission#android.permission.CLEAR_APP_CACHE
ADDED from src/main/AndroidManifest.xml:28:5-74
	android:name
		ADDED from src/main/AndroidManifest.xml:28:22-71
uses-permission#android.permission.READ_PHONE_STATE
ADDED from src/main/AndroidManifest.xml:29:5-75
	android:name
		ADDED from src/main/AndroidManifest.xml:29:22-72
application
ADDED from src/main/AndroidManifest.xml:31:5-80:19
	android:label
		ADDED from src/main/AndroidManifest.xml:34:9-41
	android:icon
		ADDED from src/main/AndroidManifest.xml:33:9-45
	android:allowBackup
		ADDED from src/main/AndroidManifest.xml:32:9-35
	android:theme
		ADDED from src/main/AndroidManifest.xml:35:9-40
activity#com.zkc.pinter.activity.MainActivity
ADDED from src/main/AndroidManifest.xml:36:9-51:20
	android:label
		ADDED from src/main/AndroidManifest.xml:38:13-45
	android:name
		ADDED from src/main/AndroidManifest.xml:37:13-64
intent-filter#action:name:android.intent.action.MAIN+category:name:android.intent.category.LAUNCHER
ADDED from src/main/AndroidManifest.xml:39:13-43:29
action#android.intent.action.MAIN
ADDED from src/main/AndroidManifest.xml:40:17-69
	android:name
		ADDED from src/main/AndroidManifest.xml:40:25-66
category#android.intent.category.LAUNCHER
ADDED from src/main/AndroidManifest.xml:42:17-77
	android:name
		ADDED from src/main/AndroidManifest.xml:42:27-74
intent-filter#action:name:android.hardware.usb.action.USB_DEVICE_ATTACHED
ADDED from src/main/AndroidManifest.xml:44:13-46:29
action#android.hardware.usb.action.USB_DEVICE_ATTACHED
ADDED from src/main/AndroidManifest.xml:45:17-90
	android:name
		ADDED from src/main/AndroidManifest.xml:45:25-87
meta-data#android.hardware.usb.action.USB_DEVICE_ATTACHED
ADDED from src/main/AndroidManifest.xml:48:13-50:57
	android:resource
		ADDED from src/main/AndroidManifest.xml:50:17-54
	android:name
		ADDED from src/main/AndroidManifest.xml:49:17-79
activity#com.zkc.pinter.activity.PrintSettingActivity
ADDED from src/main/AndroidManifest.xml:52:9-55:20
	android:label
		ADDED from src/main/AndroidManifest.xml:54:13-45
	android:name
		ADDED from src/main/AndroidManifest.xml:53:13-72
activity#com.zkc.pinter.activity.PrintActivity
ADDED from src/main/AndroidManifest.xml:56:9-59:20
	android:label
		ADDED from src/main/AndroidManifest.xml:58:13-45
	android:name
		ADDED from src/main/AndroidManifest.xml:57:13-65
activity#com.zkc.pinter.activity.PrintTextActivity
ADDED from src/main/AndroidManifest.xml:60:9-63:20
	android:label
		ADDED from src/main/AndroidManifest.xml:62:13-45
	android:name
		ADDED from src/main/AndroidManifest.xml:61:13-69
activity#com.zkc.pinter.activity.PrintImageActivity
ADDED from src/main/AndroidManifest.xml:64:9-67:20
	android:label
		ADDED from src/main/AndroidManifest.xml:66:13-45
	android:name
		ADDED from src/main/AndroidManifest.xml:65:13-70
activity#com.zkc.pinter.activity.PrintBarCodeActivity
ADDED from src/main/AndroidManifest.xml:68:9-71:20
	android:label
		ADDED from src/main/AndroidManifest.xml:70:13-45
	android:name
		ADDED from src/main/AndroidManifest.xml:69:13-72
activity#com.zkc.pinter.activity.PrintQrCodeActivity
ADDED from src/main/AndroidManifest.xml:72:9-75:20
	android:label
		ADDED from src/main/AndroidManifest.xml:74:13-45
	android:name
		ADDED from src/main/AndroidManifest.xml:73:13-71
activity#com.zkc.pinter.activity.PrintCmdActivity
ADDED from src/main/AndroidManifest.xml:76:9-79:20
	android:label
		ADDED from src/main/AndroidManifest.xml:78:13-45
	android:name
		ADDED from src/main/AndroidManifest.xml:77:13-68